[INFO] Version = 2 serial = A001 id = CAu1-1 n = 1.0435 transmLength = 5.6 thickness = 2.03
[INFO] Version = 2 serial = A002 id = CAu1-2 n = 1.0437 transmLength = 5.2 thickness = 2.03
[INFO] Version = 2 serial = A003 id = CAu1-3 n = 1.0433 transmLength = 5.5 thickness = 2.02
[INFO] Version = 2 serial = A004 id = CAu1-4 n = 1.0434 transmLength = 5.7 thickness = 2.04
[INFO] Version = 2 serial = A005 id = CAu1-5 n = 1.0435 transmLength = 5.6 thickness = 2.04
[INFO] Version = 2 serial = A006 id = CAu1-6 n = 1.0437 transmLength = 5.5 thickness = 2.03
[INFO] Version = 2 serial = A007 id = CAu1-7 n = 1.0436 transmLength = 5.5 thickness = 2.03
[INFO] Version = 2 serial = A008 id = CAu1-8 n = 1.0441 transmLength = 5.2 thickness = 2.03
[INFO] Version = 2 serial = A009 id = CAu1-9 n = 1.0439 transmLength = 5.5 thickness = 2.04
[INFO] Version = 2 serial = A010 id = CAu1-10 n = 1.0435 transmLength = 5.4 thickness = 2.04
[INFO] Version = 2 serial = A011 id = CAu2-1 n = 1.0448 transmLength = 5.1 thickness = 2.01
[INFO] Version = 2 serial = A012 id = CAu2-2 n = 1.0449 transmLength = 5 thickness = 2
[INFO] Version = 2 serial = A013 id = CAu2-3 n = 1.0448 transmLength = 5.1 thickness = 2.01
[INFO] Version = 2 serial = A014 id = CAu2-4 n = 1.045 transmLength = 5.1 thickness = 2
[INFO] Version = 2 serial = A015 id = CAu2-5 n = 1.0449 transmLength = 5.2 thickness = 2.01
[INFO] Version = 2 serial = A016 id = CAu2-6 n = 1.0447 transmLength = 5.2 thickness = 2.02
[INFO] Version = 2 serial = A017 id = CAu2-7 n = 1.0446 transmLength = 5 thickness = 2
[INFO] Version = 2 serial = A018 id = CAu2-8 n = 1.0449 transmLength = 5 thickness = 2.01
[INFO] Version = 2 serial = A019 id = CAu2-9 n = 1.0447 transmLength = 5.1 thickness = 2.01
[INFO] Version = 2 serial = A020 id = CAu2-10 n = 1.0447 transmLength = 5 thickness = 2.01
[INFO] Version = 2 serial = A021 id = CAu2-11 n = 1.0447 transmLength = 5 thickness = 2.01
[INFO] Version = 2 serial = A022 id = CAu2-12 n = 1.0446 transmLength = 5.1 thickness = 2.01
[INFO] Version = 2 serial = A023 id = CAu2-13 n = 1.045 transmLength = 5.1 thickness = 2.01
[INFO] Version = 2 serial = A024 id = CAu2-14 n = 1.0448 transmLength = 5 thickness = 1.99
[INFO] Version = 2 serial = A025 id = CAu2-15 n = 1.0443 transmLength = 4.8 thickness = 2
[INFO] Version = 2 serial = A026 id = CAu3-1 n = 1.0458 transmLength = 5 thickness = 2.04
[INFO] Version = 2 serial = A027 id = CAu3-2 n = 1.0459 transmLength = 4.9 thickness = 2.03
[INFO] Version = 2 serial = A028 id = CAu3-3 n = 1.0459 transmLength = 5.2 thickness = 2.03
[INFO] Version = 2 serial = A029 id = CAu3-4 n = 1.0457 transmLength = 5.3 thickness = 2.03
[INFO] Version = 2 serial = A030 id = CAu3-5 n = 1.0455 transmLength = 5.1 thickness = 2.03
[INFO] Version = 2 serial = A031 id = CAu3-6 n = 1.0455 transmLength = 5 thickness = 2.03
[INFO] Version = 2 serial = A032 id = CAu3-7 n = 1.0456 transmLength = 5.2 thickness = 2.03
[INFO] Version = 2 serial = A038 id = CAu3-14 n = 1.0456 transmLength = 4.9 thickness = 2.02
[INFO] Version = 2 serial = A040 id = CAu4-1 n = 1.0451 transmLength = 4.6 thickness = 2.03
[INFO] Version = 2 serial = A041 id = CAu4-2 n = 1.0449 transmLength = 4.7 thickness = 2.03
[INFO] Version = 2 serial = A042 id = CAu4-3 n = 1.0448 transmLength = 4.6 thickness = 2.03
[INFO] Version = 2 serial = A043 id = CAu4-4 n = 1.0452 transmLength = 4.9 thickness = 2.03
[INFO] Version = 2 serial = A044 id = CAu4-5 n = 1.0452 transmLength = 4.8 thickness = 2.03
[INFO] Version = 2 serial = A045 id = CAu4-6 n = 1.0451 transmLength = 4.8 thickness = 2.03
[INFO] Version = 2 serial = A046 id = CAu4-7 n = 1.0453 transmLength = 4.7 thickness = 2.03
[INFO] Version = 2 serial = A047 id = CAu4-8 n = 1.0454 transmLength = 4.8 thickness = 2.03
[INFO] Version = 2 serial = A048 id = CAu4-9 n = 1.0452 transmLength = 4.9 thickness = 2.03
[INFO] Version = 2 serial = A049 id = CAu4-10 n = 1.045 transmLength = 4.7 thickness = 2.02
[INFO] Version = 2 serial = A050 id = CAu4-11 n = 1.0452 transmLength = 5.1 thickness = 2.03
[INFO] Version = 2 serial = A051 id = CAu4-12 n = 1.0455 transmLength = 5.2 thickness = 2.03
[INFO] Version = 2 serial = A052 id = CAu4-13 n = 1.0453 transmLength = 5.1 thickness = 2.03
[INFO] Version = 2 serial = A053 id = CAu4-14 n = 1.0452 transmLength = 5.5 thickness = 2.04
[INFO] Version = 2 serial = A054 id = CAu5-1 n = 1.046 transmLength = 4.6 thickness = 1.99
[INFO] Version = 2 serial = A055 id = CAu5-2 n = 1.046 transmLength = 4.8 thickness = 1.99
[INFO] Version = 2 serial = A056 id = CAu5-3 n = 1.0461 transmLength = 5 thickness = 1.99
[INFO] Version = 2 serial = A058 id = CAu6-2 n = 1.0439 transmLength = 4.8 thickness = 2.03
[INFO] Version = 2 serial = A059 id = CAu6-3 n = 1.0441 transmLength = 4.7 thickness = 2.03
[INFO] Version = 2 serial = A060 id = CAu6-4 n = 1.044 transmLength = 4.8 thickness = 2.03
[INFO] Version = 2 serial = A061 id = CAu6-5 n = 1.044 transmLength = 4.8 thickness = 2.03
[INFO] Version = 2 serial = A062 id = CAu6-6 n = 1.0441 transmLength = 4.7 thickness = 2.02
[INFO] Version = 2 serial = A063 id = CAu6-7 n = 1.0443 transmLength = 4.7 thickness = 2.03
[INFO] Version = 2 serial = A064 id = CAu6-8 n = 1.0442 transmLength = 4.6 thickness = 2.03
[INFO] Version = 2 serial = A065 id = CAu6-9 n = 1.0444 transmLength = 4.8 thickness = 2.02
[INFO] Version = 2 serial = A066 id = CAu6-10 n = 1.0444 transmLength = 4.7 thickness = 2
[INFO] Version = 2 serial = A067 id = CAu6-11 n = 1.0445 transmLength = 4.8 thickness = 2
[INFO] Version = 2 serial = A068 id = CAu6-12 n = 1.0445 transmLength = 4.8 thickness = 2.03
[INFO] Version = 2 serial = A069 id = CAu6-13 n = 1.0443 transmLength = 4.8 thickness = 2.02
[INFO] Version = 2 serial = A070 id = CAu6-14 n = 1.0447 transmLength = 4.7 thickness = 2.01
[INFO] Version = 2 serial = A071 id = CAu7-1 n = 1.0453 transmLength = 4.7 thickness = 2.05
[INFO] Version = 2 serial = A072 id = CAu7-2 n = 1.0453 transmLength = 4.9 thickness = 2.05
[INFO] Version = 2 serial = A073 id = CAu7-3 n = 1.0453 transmLength = 5 thickness = 2.04
[INFO] Version = 2 serial = A074 id = CAu7-4 n = 1.0453 transmLength = 5.1 thickness = 2.03
[INFO] Version = 2 serial = A075 id = CAu7-5 n = 1.0453 transmLength = 4.9 thickness = 2.02
[INFO] Version = 2 serial = A076 id = CAu7-6 n = 1.0452 transmLength = 4.9 thickness = 2.04
[INFO] Version = 2 serial = A077 id = CAu7-7 n = 1.0452 transmLength = 5 thickness = 2.04
[INFO] Version = 2 serial = A078 id = CAu7-8 n = 1.0453 transmLength = 5 thickness = 2.03
[INFO] Version = 2 serial = A079 id = CAu7-9 n = 1.0451 transmLength = 4.9 thickness = 2.04
[INFO] Version = 2 serial = A080 id = CAu7-10 n = 1.0453 transmLength = 4.9 thickness = 2.04
[INFO] Version = 2 serial = A081 id = CAu7-11 n = 1.0452 transmLength = 4.8 thickness = 2.04
[INFO] Version = 2 serial = A082 id = CAu7-12 n = 1.0453 transmLength = 4.7 thickness = 2.03
[INFO] Version = 2 serial = A083 id = CAu7-13 n = 1.0452 transmLength = 4.8 thickness = 2.04
[INFO] Version = 2 serial = A084 id = CAu7-14 n = 1.045 transmLength = 4.8 thickness = 2.04
[INFO] Version = 2 serial = A085 id = CAu8-2 n = 1.045 transmLength = 4.6 thickness = 2.04
[INFO] Version = 2 serial = A086 id = CAu8-4 n = 1.0456 transmLength = 4.5 thickness = 2.03
[INFO] Version = 2 serial = A087 id = CAu8-5 n = 1.0447 transmLength = 4.6 thickness = 2.03
[INFO] Version = 2 serial = A088 id = CAu8-7 n = 1.0453 transmLength = 4.6 thickness = 2.03
[INFO] Version = 2 serial = A089 id = CAu8-8 n = 1.0452 transmLength = 4.6 thickness = 2.04
[INFO] Version = 2 serial = A090 id = CAu8-9 n = 1.0453 transmLength = 4.7 thickness = 2.02
[INFO] Version = 2 serial = A091 id = CAu8-10 n = 1.0453 transmLength = 4.4 thickness = 2.02
[INFO] Version = 2 serial = A092 id = CAu8-11 n = 1.045 transmLength = 4.6 thickness = 2.03
[INFO] Version = 2 serial = A093 id = CAu8-12 n = 1.0453 transmLength = 4.6 thickness = 2.03
[INFO] Version = 2 serial = A094 id = CAu8-13 n = 1.0453 transmLength = 4.5 thickness = 2.04
[INFO] Version = 2 serial = A095 id = CAu8-14 n = 1.0453 transmLength = 4.6 thickness = 2.03
[INFO] Version = 2 serial = A096 id = CAu8-15 n = 1.0455 transmLength = 4.7 thickness = 2.04
[INFO] Version = 2 serial = A097 id = CAu9-3 n = 1.0444 transmLength = 4.8 thickness = 2.03
[INFO] Version = 2 serial = A098 id = CAu9-4 n = 1.0444 transmLength = 4.8 thickness = 2.04
[INFO] Version = 2 serial = A099 id = CAu9-5 n = 1.0446 transmLength = 4.6 thickness = 2.04
[INFO] Version = 2 serial = A100 id = CAu9-6 n = 1.0447 transmLength = 4.7 thickness = 2.05
[INFO] Version = 2 serial = A101 id = CAu9-7 n = 1.0447 transmLength = 4.7 thickness = 2.04
[INFO] Version = 2 serial = A102 id = CAu9-8 n = 1.0449 transmLength = 4.8 thickness = 2.04
[INFO] Version = 2 serial = A103 id = CAu9-9 n = 1.0447 transmLength = 4.8 thickness = 2.04
[INFO] Version = 2 serial = A104 id = CAu9-10 n = 1.0447 transmLength = 5 thickness = 2.04
[INFO] Version = 2 serial = A105 id = CAu9-11 n = 1.045 transmLength = 4.9 thickness = 2.03
[INFO] Version = 2 serial = A106 id = CAu9-12 n = 1.0446 transmLength = 4.6 thickness = 2.03
[INFO] Version = 2 serial = A107 id = CAu9-13 n = 1.0447 transmLength = 4.8 thickness = 2.04
[INFO] Version = 2 serial = A108 id = CAu9-14 n = 1.0447 transmLength = 4.7 thickness = 2.04
[INFO] Version = 2 serial = A109 id = CAu9-15 n = 1.0449 transmLength = 4.9 thickness = 2.03
[INFO] Version = 2 serial = A110 id = CAu10-3 n = 1.0454 transmLength = 4.5 thickness = 2.03
[INFO] Version = 2 serial = A111 id = CAu10-4 n = 1.0453 transmLength = 4.4 thickness = 2.02
[INFO] Version = 2 serial = A112 id = CAu10-5 n = 1.0453 transmLength = 4.5 thickness = 2.03
[INFO] Version = 2 serial = A113 id = CAu10-6 n = 1.0456 transmLength = 4.4 thickness = 2.03
[INFO] Version = 2 serial = A114 id = CAu10-7 n = 1.0444 transmLength = 5 thickness = 2.03
[INFO] Version = 2 serial = A115 id = CAu10-8 n = 1.0455 transmLength = 4.8 thickness = 2.03
[INFO] Version = 2 serial = A116 id = CAu10-12 n = 1.0441 transmLength = 4.9 thickness = 2.04
[INFO] Version = 2 serial = A117 id = CAu10-13 n = 1.0446 transmLength = 5 thickness = 2.01
[INFO] Version = 2 serial = A118 id = CAu11-2 n = 1.0455 transmLength = 4.6 thickness = 2.03
[INFO] Version = 2 serial = A119 id = CAu11-5 n = 1.0458 transmLength = 4.5 thickness = 2.01
[INFO] Version = 2 serial = A120 id = CAu11-6 n = 1.0461 transmLength = 4.4 thickness = 2.02
[INFO] Version = 2 serial = A121 id = CAu11-7 n = 1.0458 transmLength = 4.6 thickness = 2.01
[INFO] Version = 2 serial = A122 id = CAu11-8 n = 1.046 transmLength = 4.4 thickness = 2.01
[INFO] Version = 2 serial = A123 id = CAu11-9 n = 1.0456 transmLength = 4.7 thickness = 2.02
[INFO] Version = 2 serial = A124 id = CAu11-11 n = 1.0458 transmLength = 4.8 thickness = 2.01
[INFO] Version = 2 serial = A125 id = CAu11-12 n = 1.0458 transmLength = 4.8 thickness = 2.01
[INFO] Version = 2 serial = A126 id = CAu11-13 n = 1.0458 transmLength = 5 thickness = 2.02
[INFO] Version = 2 serial = A127 id = CAu11-14 n = 1.046 transmLength = 5 thickness = 2.03
[INFO] Version = 2 serial = A128 id = CAu12-1 n = 1.0456 transmLength = 4.4 thickness = 2
[INFO] Version = 2 serial = A129 id = CAu12-2 n = 1.046 transmLength = 4.5 thickness = 1.99
[INFO] Version = 2 serial = A130 id = CAu12-4 n = 1.0459 transmLength = 4.5 thickness = 2.01
[INFO] Version = 2 serial = A131 id = CAu12-5 n = 1.0461 transmLength = 4.35 thickness = 1.99
[INFO] Version = 2 serial = A132 id = CAu12-6 n = 1.0459 transmLength = 4.5 thickness = 2.03
[INFO] Version = 2 serial = A133 id = CAu12-7 n = 1.0459 transmLength = 4.5 thickness = 2.01
[INFO] Version = 2 serial = A134 id = CAu12-8 n = 1.0463 transmLength = 4.5 thickness = 1.99
[INFO] Version = 2 serial = A135 id = CAu12-10 n = 1.0461 transmLength = 4.6 thickness = 2.01
[INFO] Version = 2 serial = A136 id = CAu12-11 n = 1.0457 transmLength = 4.7 thickness = 2.01
[INFO] Version = 2 serial = A137 id = CAu12-12 n = 1.0458 transmLength = 4.6 thickness = 2.01
[INFO] Version = 2 serial = A138 id = CAu12-13 n = 1.046 transmLength = 4.9 thickness = 2.03
[INFO] Version = 2 serial = A139 id = CAu12-14 n = 1.0454 transmLength = 4.7 thickness = 2.01
[INFO] Version = 2 serial = A140 id = CAu12-15 n = 1.0453 transmLength = 4.7 thickness = 2.02
[INFO] Version = 2 serial = A141 id = CAu13-2 n = 1.0457 transmLength = 4.5 thickness = 2.01
[INFO] Version = 2 serial = A142 id = CAu13-3 n = 1.0455 transmLength = 4.3 thickness = 2.03
[INFO] Version = 2 serial = A143 id = CAu13-4 n = 1.0455 transmLength = 4.2 thickness = 2.02
[INFO] Version = 2 serial = A144 id = CAu13-5 n = 1.0454 transmLength = 4.4 thickness = 2.03
[INFO] Version = 2 serial = A145 id = CAu13-6 n = 1.0454 transmLength = 4.4 thickness = 2.02
[INFO] Version = 2 serial = A146 id = CAu13-7 n = 1.0456 transmLength = 4.3 thickness = 2.01
[INFO] Version = 2 serial = A147 id = CAu13-8 n = 1.0459 transmLength = 4.3 thickness = 2.03
[INFO] Version = 2 serial = A148 id = CAu13-9 n = 1.0453 transmLength = 4.3 thickness = 2.03
[INFO] Version = 2 serial = A149 id = CAu13-10 n = 1.0454 transmLength = 4.4 thickness = 2.02
[INFO] Version = 2 serial = A150 id = CAu13-11 n = 1.0456 transmLength = 4.1 thickness = 2.02
[INFO] Version = 2 serial = A151 id = CAu13-12 n = 1.0453 transmLength = 4.3 thickness = 2.02
[INFO] Version = 2 serial = A152 id = CAu13-13 n = 1.0451 transmLength = 4.2 thickness = 2.02
[INFO] Version = 2 serial = A153 id = CAu13-14 n = 1.0451 transmLength = 4.1 thickness = 2.02
[INFO] Version = 2 serial = A154 id = CAu14-1 n = 1.0447 transmLength = 4.6 thickness = 2.03
[INFO] Version = 2 serial = A155 id = CAu14-2 n = 1.0447 transmLength = 4.51 thickness = 2.03
[INFO] Version = 2 serial = A156 id = CAu14-3 n = 1.0444 transmLength = 4.51 thickness = 2.04
[INFO] Version = 2 serial = A157 id = CAu14-4 n = 1.0445 transmLength = 4.4 thickness = 2.04
[INFO] Version = 2 serial = A158 id = CAu14-6 n = 1.0448 transmLength = 4.4 thickness = 2.03
[INFO] Version = 2 serial = A159 id = CAu14-7 n = 1.0447 transmLength = 4.6 thickness = 2.04
[INFO] Version = 2 serial = A160 id = CAu14-8 n = 1.0446 transmLength = 4.4 thickness = 2.02
[INFO] Version = 2 serial = A161 id = CAu14-9 n = 1.0447 transmLength = 4.5 thickness = 2.03
[INFO] Version = 2 serial = A162 id = CAu14-10 n = 1.0449 transmLength = 4.4 thickness = 2.03
[INFO] Version = 2 serial = A163 id = CAu14-11 n = 1.0448 transmLength = 4.3 thickness = 2.03
[INFO] Version = 2 serial = A164 id = CAu14-12 n = 1.045 transmLength = 4.4 thickness = 2.03
[INFO] Version = 2 serial = A165 id = CAu14-13 n = 1.0446 transmLength = 4.3 thickness = 2.03
[INFO] Version = 2 serial = A166 id = CAu14-14 n = 1.0447 transmLength = 4.6 thickness = 2.03
[INFO] Version = 2 serial = A167 id = CAu14-15 n = 1.0446 transmLength = 4.5 thickness = 2.04
[INFO] Version = 2 serial = A168 id = CAu15-1 n = 1.0456 transmLength = 4.6 thickness = 2.03
[INFO] Version = 2 serial = A169 id = CAu15-2 n = 1.0463 transmLength = 4.7 thickness = 2.01
[INFO] Version = 2 serial = A170 id = CAu15-3 n = 1.0463 transmLength = 4.6 thickness = 2.01
[INFO] Version = 2 serial = A171 id = CAu15-4 n = 1.0461 transmLength = 4.4 thickness = 2.03
[INFO] Version = 2 serial = A172 id = CAu15-5 n = 1.0459 transmLength = 4.6 thickness = 2.02
[INFO] Version = 2 serial = A173 id = CAu15-6 n = 1.0459 transmLength = 4.7 thickness = 2.01
[INFO] Version = 2 serial = A174 id = CAu15-7 n = 1.0457 transmLength = 4.4 thickness = 2.01
[INFO] Version = 2 serial = A175 id = CAu15-8 n = 1.0462 transmLength = 4.5 thickness = 2.02
[INFO] Version = 2 serial = A176 id = CAu15-10 n = 1.0463 transmLength = 4.6 thickness = 2.02
[INFO] Version = 2 serial = A177 id = CAu15-11 n = 1.0461 transmLength = 4.5 thickness = 2.01
[INFO] Version = 2 serial = A178 id = CAu15-14 n = 1.0458 transmLength = 4.7 thickness = 2.01
[INFO] Version = 2 serial = B001 id = CAd1-15 n = 1.0526 transmLength = 3.5 thickness = 2.03
[INFO] Version = 2 serial = B002 id = CAd1-16 n = 1.0524 transmLength = 3.5 thickness = 2.03
[INFO] Version = 2 serial = B003 id = CAd1-17 n = 1.0523 transmLength = 3.5 thickness = 2.04
[INFO] Version = 2 serial = B004 id = CAd1-18 n = 1.0527 transmLength = 3.8 thickness = 2.06
[INFO] Version = 2 serial = B005 id = CAd1-19 n = 1.0527 transmLength = 3.6 thickness = 2.04
[INFO] Version = 2 serial = B006 id = CAd1-21 n = 1.053 transmLength = 3.7 thickness = 2.04
[INFO] Version = 2 serial = B012 id = CAd3-16 n = 1.055 transmLength = 4.1 thickness = 2.01
[INFO] Version = 2 serial = B013 id = CAd3-17 n = 1.0554 transmLength = 3.8 thickness = 2.02
[INFO] Version = 2 serial = B014 id = CAd3-18 n = 1.0553 transmLength = 3.6 thickness = 2.03
[INFO] Version = 2 serial = B015 id = CAd3-19 n = 1.0552 transmLength = 3.8 thickness = 2.03
[INFO] Version = 2 serial = B016 id = CAd3-20 n = 1.0552 transmLength = 3.9 thickness = 2.04
[INFO] Version = 2 serial = B017 id = CAd3-22 n = 1.0553 transmLength = 3.9 thickness = 2.02
[INFO] Version = 2 serial = B018 id = CAd3-25 n = 1.0554 transmLength = 3.9 thickness = 2.03
[INFO] Version = 2 serial = B019 id = CAd3-26 n = 1.0545 transmLength = 4 thickness = 2.04
[INFO] Version = 2 serial = B020 id = CAd3-27 n = 1.0549 transmLength = 3.9 thickness = 2.03
[INFO] Version = 2 serial = B021 id = CAd3-28 n = 1.0549 transmLength = 3.9 thickness = 2.04
[INFO] Version = 2 serial = B022 id = CAd3-29 n = 1.0547 transmLength = 4 thickness = 2.03
[INFO] Version = 2 serial = B023 id = CAd3-30 n = 1.0549 transmLength = 3.9 thickness = 2.02
[INFO] Version = 2 serial = B024 id = CAd4-15 n = 1.0543 transmLength = 3.7 thickness = 2.05
[INFO] Version = 2 serial = B025 id = CAd4-16 n = 1.0539 transmLength = 3.6 thickness = 2.04
[INFO] Version = 2 serial = B026 id = CAd4-17 n = 1.0543 transmLength = 3.7 thickness = 2.03
[INFO] Version = 2 serial = B027 id = CAd4-18 n = 1.0539 transmLength = 3.7 thickness = 2.03
[INFO] Version = 2 serial = B028 id = CAd4-20 n = 1.0541 transmLength = 3.7 thickness = 2.03
[INFO] Version = 2 serial = B029 id = CAd4-21 n = 1.0541 transmLength = 3.9 thickness = 2.03
[INFO] Version = 2 serial = B030 id = CAd4-22 n = 1.0542 transmLength = 3.9 thickness = 2.03
[INFO] Version = 2 serial = B031 id = CAd4-23 n = 1.0545 transmLength = 3.5 thickness = 2.05
[INFO] Version = 2 serial = B032 id = CAd4-24 n = 1.0542 transmLength = 3.8 thickness = 2.03
[INFO] Version = 2 serial = B033 id = CAd4-25 n = 1.0548 transmLength = 3.8 thickness = 2.03
[INFO] Version = 2 serial = B034 id = CAd4-26 n = 1.0545 transmLength = 3.8 thickness = 2.04
[INFO] Version = 2 serial = B035 id = CAd4-27 n = 1.0537 transmLength = 3.8 thickness = 2.03
[INFO] Version = 2 serial = B036 id = CAd4-28 n = 1.0538 transmLength = 3.8 thickness = 2.03
[INFO] Version = 2 serial = B039 id = CAd6-15 n = 1.0537 transmLength = 4 thickness = 2.02
[INFO] Version = 2 serial = B040 id = CAd6-16 n = 1.0542 transmLength = 3.8 thickness = 2.03
[INFO] Version = 2 serial = B041 id = CAd6-17 n = 1.0539 transmLength = 3.9 thickness = 2.03
[INFO] Version = 2 serial = B042 id = CAd6-19 n = 1.0543 transmLength = 3.8 thickness = 2.04
[INFO] Version = 2 serial = B043 id = CAd6-20 n = 1.0541 transmLength = 3.9 thickness = 2.04
[INFO] Version = 2 serial = B044 id = CAd6-25 n = 1.0549 transmLength = 3.8 thickness = 2.03
[INFO] Version = 2 serial = B045 id = CAd7-15 n = 1.055 transmLength = 4.1 thickness = 2.04
[INFO] Version = 2 serial = B046 id = CAd7-16 n = 1.0551 transmLength = 3.8 thickness = 2.03
[INFO] Version = 2 serial = B047 id = CAd7-17 n = 1.0547 transmLength = 4 thickness = 2.04
[INFO] Version = 2 serial = B048 id = CAd7-18 n = 1.0549 transmLength = 4 thickness = 2.04
[INFO] Version = 2 serial = B049 id = CAd7-19 n = 1.0545 transmLength = 3.8 thickness = 2.04
[INFO] Version = 2 serial = B050 id = CAd7-20 n = 1.0547 transmLength = 3.9 thickness = 2.03
[INFO] Version = 2 serial = B051 id = CAd7-22 n = 1.0545 transmLength = 3.7 thickness = 2.03
[INFO] Version = 2 serial = B052 id = CAd7-23 n = 1.0547 transmLength = 3.9 thickness = 2.04
[INFO] Version = 2 serial = B053 id = CAd7-24 n = 1.0545 transmLength = 3.9 thickness = 2.03
[INFO] Version = 2 serial = B054 id = CAd7-25 n = 1.0546 transmLength = 3.9 thickness = 2.04
[INFO] Version = 2 serial = B055 id = CAd7-26 n = 1.0545 transmLength = 3.7 thickness = 2.04
[INFO] Version = 2 serial = B056 id = CAd7-27 n = 1.0545 transmLength = 3.9 thickness = 2.05
[INFO] Version = 2 serial = B057 id = CAd7-28 n = 1.0545 transmLength = 3.8 thickness = 2.03
[INFO] Version = 2 serial = B058 id = CAd8-16 n = 1.0546 transmLength = 3.4 thickness = 2.03
[INFO] Version = 2 serial = B059 id = CAd8-17 n = 1.0546 transmLength = 3.4 thickness = 2.04
[INFO] Version = 2 serial = B060 id = CAd8-18 n = 1.0543 transmLength = 3.3 thickness = 2.04
[INFO] Version = 2 serial = B061 id = CAd8-19 n = 1.0552 transmLength = 3.7 thickness = 2.03
[INFO] Version = 2 serial = B062 id = CAd8-20 n = 1.0544 transmLength = 3.4 thickness = 2.04
[INFO] Version = 2 serial = B063 id = CAd8-21 n = 1.0547 transmLength = 3.5 thickness = 2.04
[INFO] Version = 2 serial = B064 id = CAd8-22 n = 1.0547 transmLength = 3.5 thickness = 2.06
[INFO] Version = 2 serial = B065 id = CAd8-23 n = 1.0545 transmLength = 3.5 thickness = 2.05
[INFO] Version = 2 serial = B066 id = CAd8-24 n = 1.055 transmLength = 3.5 thickness = 2.03
[INFO] Version = 2 serial = B067 id = CAd8-25 n = 1.0551 transmLength = 3.5 thickness = 2.04
[INFO] Version = 2 serial = B068 id = CAd8-26 n = 1.0547 transmLength = 3.5 thickness = 2.03
[INFO] Version = 2 serial = B069 id = CAd8-27 n = 1.0543 transmLength = 3.5 thickness = 2.03
[INFO] Version = 2 serial = B070 id = CAd8-28 n = 1.0549 transmLength = 3.5 thickness = 2.03
[INFO] Version = 2 serial = B071 id = CAd8-29 n = 1.0544 transmLength = 3.6 thickness = 2.03
[INFO] Version = 2 serial = B072 id = CAd9-16 n = 1.0545 transmLength = 3.6 thickness = 2.03
[INFO] Version = 2 serial = B073 id = CAd9-17 n = 1.0543 transmLength = 3.6 thickness = 2.02
[INFO] Version = 2 serial = B074 id = CAd9-18 n = 1.0543 transmLength = 3.5 thickness = 2.02
[INFO] Version = 2 serial = B075 id = CAd9-19 n = 1.0541 transmLength = 3.6 thickness = 2.03
[INFO] Version = 2 serial = B076 id = CAd9-20 n = 1.0538 transmLength = 3.6 thickness = 2.03
[INFO] Version = 2 serial = B077 id = CAd9-21 n = 1.0543 transmLength = 3.4 thickness = 2.03
[INFO] Version = 2 serial = B078 id = CAd9-22 n = 1.054 transmLength = 3.6 thickness = 2.04
[INFO] Version = 2 serial = B079 id = CAd9-23 n = 1.0541 transmLength = 3.5 thickness = 2.04
[INFO] Version = 2 serial = B080 id = CAd9-24 n = 1.0546 transmLength = 3.6 thickness = 2.04
[INFO] Version = 2 serial = B081 id = CAd9-25 n = 1.0544 transmLength = 3.5 thickness = 2.03
[INFO] Version = 2 serial = B082 id = CAd9-26 n = 1.0545 transmLength = 3.5 thickness = 2.05
[INFO] Version = 2 serial = B083 id = CAd9-27 n = 1.0539 transmLength = 3.6 thickness = 2.03
[INFO] Version = 2 serial = B084 id = CAd9-28 n = 1.0543 transmLength = 3.5 thickness = 2.04
[INFO] Version = 2 serial = B085 id = CAd9-29 n = 1.0549 transmLength = 3.6 thickness = 2.04
[INFO] Version = 2 serial = B086 id = CAd9-30 n = 1.0551 transmLength = 3.5 thickness = 2.04
[INFO] Version = 2 serial = B087 id = CAd10-16 n = 1.0548 transmLength = 3.6 thickness = 2.02
[INFO] Version = 2 serial = B088 id = CAd10-17 n = 1.0546 transmLength = 3.8 thickness = 2.03
[INFO] Version = 2 serial = B089 id = CAd10-18 n = 1.0549 transmLength = 3.9 thickness = 2.03
[INFO] Version = 2 serial = B090 id = CAd10-19 n = 1.0545 transmLength = 3.5 thickness = 2.04
[INFO] Version = 2 serial = B091 id = CAd10-21 n = 1.0547 transmLength = 3.7 thickness = 2.03
[INFO] Version = 2 serial = B092 id = CAd10-23 n = 1.0544 transmLength = 3.6 thickness = 2.03
[INFO] Version = 2 serial = B093 id = CAd10-25 n = 1.0545 transmLength = 3.6 thickness = 2.03
[INFO] Version = 2 serial = B094 id = CAd10-26 n = 1.0544 transmLength = 3.5 thickness = 2.04
[INFO] Version = 2 serial = B095 id = CAd10-28 n = 1.0545 transmLength = 3.5 thickness = 2.04
[INFO] Version = 2 serial = B096 id = CAd10-29 n = 1.0543 transmLength = 3.6 thickness = 2.04
[INFO] Version = 2 serial = B097 id = CAd10-30 n = 1.0542 transmLength = 3.6 thickness = 2.03
[INFO] Version = 2 serial = B098 id = CAd11-16 n = 1.0554 transmLength = 3.3 thickness = 2.01
[INFO] Version = 2 serial = B099 id = CAd11-17 n = 1.0551 transmLength = 3.5 thickness = 2.01
[INFO] Version = 2 serial = B100 id = CAd11-18 n = 1.0551 transmLength = 3.5 thickness = 2.03
[INFO] Version = 2 serial = B101 id = CAd11-19 n = 1.0552 transmLength = 3.5 thickness = 2.02
[INFO] Version = 2 serial = B102 id = CAd11-20 n = 1.055 transmLength = 3.4 thickness = 2.03
[INFO] Version = 2 serial = B103 id = CAd11-21 n = 1.0551 transmLength = 3.5 thickness = 2.02
[INFO] Version = 2 serial = B104 id = CAd11-22 n = 1.0549 transmLength = 3.5 thickness = 2.04
[INFO] Version = 2 serial = B105 id = CAd11-23 n = 1.0554 transmLength = 3.6 thickness = 2.02
[INFO] Version = 2 serial = B106 id = CAd11-25 n = 1.0548 transmLength = 3.6 thickness = 2.04
[INFO] Version = 2 serial = B107 id = CAd11-26 n = 1.0554 transmLength = 3.7 thickness = 2.04
[INFO] Version = 2 serial = B108 id = CAd11-27 n = 1.0553 transmLength = 3.8 thickness = 2.03
[INFO] Version = 2 serial = B109 id = CAd11-28 n = 1.0551 transmLength = 3.8 thickness = 2.01
[INFO] Version = 2 serial = B110 id = CAd11-30 n = 1.0554 transmLength = 3.9 thickness = 2.04
[INFO] Version = 2 serial = B111 id = CAd12-17 n = 1.0547 transmLength = 3.5 thickness = 2.03
[INFO] Version = 2 serial = B112 id = CAd12-18 n = 1.0552 transmLength = 3.4 thickness = 2.04
[INFO] Version = 2 serial = B113 id = CAd12-19 n = 1.055 transmLength = 3.6 thickness = 2.03
[INFO] Version = 2 serial = B114 id = CAd12-20 n = 1.055 transmLength = 3.6 thickness = 2.03
[INFO] Version = 2 serial = B115 id = CAd12-21 n = 1.055 transmLength = 3.6 thickness = 2.02
[INFO] Version = 2 serial = B116 id = CAd12-24 n = 1.0549 transmLength = 3.4 thickness = 2.01
[INFO] Version = 2 serial = B117 id = CAd12-25 n = 1.0548 transmLength = 3.5 thickness = 2.03
[INFO] Version = 2 serial = B118 id = CAd12-26 n = 1.0546 transmLength = 3.6 thickness = 2.03
[INFO] Version = 2 serial = B119 id = CAd12-27 n = 1.0551 transmLength = 3.4 thickness = 2.04
[INFO] Version = 2 serial = B120 id = CAd12-29 n = 1.0555 transmLength = 3.8 thickness = 2.04
[INFO] Version = 2 serial = B121 id = CAd12-30 n = 1.055 transmLength = 3.7 thickness = 2.03
[INFO] Version = 2 serial = B122 id = CAd13-17 n = 1.0552 transmLength = 3.8 thickness = 2.03
[INFO] Version = 2 serial = B123 id = CAd13-19 n = 1.0548 transmLength = 3.5 thickness = 2.03
[INFO] Version = 2 serial = B124 id = CAd13-20 n = 1.0544 transmLength = 3.44 thickness = 2.03
[INFO] Version = 2 serial = B125 id = CAd13-21 n = 1.0554 transmLength = 3.6 thickness = 2.02
[INFO] Version = 2 serial = B126 id = CAd13-22 n = 1.0547 transmLength = 3.4 thickness = 2.02
[INFO] Version = 2 serial = B127 id = CAd13-23 n = 1.0544 transmLength = 3.6 thickness = 2.02
[INFO] Version = 2 serial = B128 id = CAd13-24 n = 1.0545 transmLength = 3.3 thickness = 2.01
[INFO] Version = 2 serial = B129 id = CAd13-25 n = 1.0548 transmLength = 3.6 thickness = 2.03
[INFO] Version = 2 serial = B130 id = CAd13-26 n = 1.0553 transmLength = 3.7 thickness = 2.05
[INFO] Version = 2 serial = B131 id = CAd13-28 n = 1.0545 transmLength = 3.5 thickness = 2.04
[INFO] Version = 2 serial = B132 id = CAd13-29 n = 1.0551 transmLength = 3.3 thickness = 2.03
[INFO] Version = 2 serial = B133 id = CAd13-30 n = 1.0548 transmLength = 3.5 thickness = 2
[INFO] Version = 2 serial = B134 id = CAd14-16 n = 1.0538 transmLength = 3.6 thickness = 2.03
[INFO] Version = 2 serial = B135 id = CAd14-17 n = 1.0542 transmLength = 3.5 thickness = 2.03
[INFO] Version = 2 serial = B136 id = CAd14-18 n = 1.0544 transmLength = 3.5 thickness = 2.03
[INFO] Version = 2 serial = B137 id = CAd14-19 n = 1.0548 transmLength = 3.5 thickness = 2.02
[INFO] Version = 2 serial = B138 id = CAd14-20 n = 1.0547 transmLength = 3.5 thickness = 2
[INFO] Version = 2 serial = B139 id = CAd14-21 n = 1.0546 transmLength = 3.5 thickness = 2.02
[INFO] Version = 2 serial = B140 id = CAd14-22 n = 1.0542 transmLength = 3.5 thickness = 2.03
[INFO] Version = 2 serial = B141 id = CAd14-23 n = 1.0544 transmLength = 3.6 thickness = 2.04
[INFO] Version = 2 serial = B142 id = CAd14-24 n = 1.054 transmLength = 3.4 thickness = 2.03
[INFO] Version = 2 serial = B143 id = CAd14-25 n = 1.0549 transmLength = 3.4 thickness = 2.04
[INFO] Version = 2 serial = B144 id = CAd14-26 n = 1.0545 transmLength = 3.5 thickness = 2.04
[INFO] Version = 2 serial = B145 id = CAd14-27 n = 1.0543 transmLength = 3.5 thickness = 2.03
[INFO] Version = 2 serial = B146 id = CAd14-28 n = 1.0544 transmLength = 3.5 thickness = 2.04
[INFO] Version = 2 serial = B147 id = CAd14-29 n = 1.0551 transmLength = 3.5 thickness = 2.03
[INFO] Version = 2 serial = B148 id = CAd14-30 n = 1.0548 transmLength = 3.5 thickness = 2.04
[INFO] Version = 2 serial = B149 id = CAd15-16 n = 1.0551 transmLength = 3.4 thickness = 2.03
[INFO] Version = 2 serial = B150 id = CAd15-17 n = 1.0546 transmLength = 3.4 thickness = 2.03
[INFO] Version = 2 serial = B151 id = CAd15-18 n = 1.055 transmLength = 3.4 thickness = 2.04
[INFO] Version = 2 serial = B152 id = CAd15-19 n = 1.0554 transmLength = 3.4 thickness = 2.04
[INFO] Version = 2 serial = B153 id = CAd15-20 n = 1.0549 transmLength = 3.5 thickness = 2.04
[INFO] Version = 2 serial = B154 id = CAd15-21 n = 1.0557 transmLength = 3.6 thickness = 2.03
[INFO] Version = 2 serial = B155 id = CAd15-22 n = 1.0551 transmLength = 3.4 thickness = 2.02
[INFO] Version = 2 serial = B156 id = CAd15-23 n = 1.0552 transmLength = 3.4 thickness = 2.04
[INFO] Version = 2 serial = B157 id = CAd15-24 n = 1.0549 transmLength = 3.4 thickness = 2.04
[INFO] Version = 2 serial = B158 id = CAd15-25 n = 1.0553 transmLength = 3.4 thickness = 2.04
[INFO] Version = 2 serial = B159 id = CAd15-29 n = 1.0545 transmLength = 3.5 thickness = 2.03
[INFO] Version = 2 serial = B160 id = CAd15-30 n = 1.055 transmLength = 3.5 thickness = 2.01
[INFO] Version = 2 serial = B161 id = CAd16-3 n = 1.0555 transmLength = 3.6 thickness = 2.03
[INFO] Version = 2 serial = B162 id = CAd16-5 n = 1.0556 transmLength = 3.6 thickness = 2.03
[INFO] Version = 2 serial = B163 id = CAd16-10 n = 1.0558 transmLength = 3.6 thickness = 2.01
[INFO] Version = 2 serial = B164 id = CAd16-11 n = 1.056 transmLength = 3.5 thickness = 2.01
[INFO] Version = 2 serial = B165 id = CAd16-13 n = 1.0561 transmLength = 3.7 thickness = 2.01
[INFO] Version = 2 serial = B166 id = CAd16-14 n = 1.0557 transmLength = 3.7 thickness = 2
[INFO] Version = 2 serial = B167 id = CAd16-15 n = 1.0561 transmLength = 3.7 thickness = 2
[INFO] Version = 2 serial = B169 id = CAd16-20 n = 1.0565 transmLength = 3.7 thickness = 1.99
[INFO] Version = 2 serial = B171 id = CAd16-22 n = 1.0562 transmLength = 3.5 thickness = 2.02
[INFO] Version = 2 serial = B173 id = CAd16-24 n = 1.0555 transmLength = 3.8 thickness = 2.01
[INFO] Version = 2 serial = B174 id = CAd16-25 n = 1.0558 transmLength = 3.6 thickness = 2.01
[INFO] Version = 2 serial = B175 id = CAd16-26 n = 1.0564 transmLength = 3.6 thickness = 2.01
[INFO] Version = 2 serial = B176 id = CAd16-27 n = 1.0559 transmLength = 3.7 thickness = 2.01
[INFO] Version = 2 serial = B177 id = CAd16-28 n = 1.0562 transmLength = 3.7 thickness = 2.03
[INFO] Version = 2 serial = B178 id = CAd16-29 n = 1.0562 transmLength = 3.7 thickness = 2.02
[INFO] Version = 2 serial = B179 id = CAd16-30 n = 1.0565 transmLength = 3.6 thickness = 2.01
